Using pre-set license
Built from '2020.3/staging' branch; Version is '2020.3.8f1 (507919d4fff5) revision 5273881'; Using compiler version '192528614'; Build Type 'Release'
OS: 'Windows 10 Home; OS build 19043.1052; Version 2009; 64bit' Language: 'en' Physical Memory: 16322 MB
BatchMode: 1, IsHumanControllingUs: 0, StartBugReporterOnCrash: 0, Is64bit: 1, IsPro: 0

 COMMAND LINE ARGUMENTS:
D:\Program Files\2020.3.8f1\Editor\Unity.exe
-adb2
-batchMode
-noUpm
-name
AssetImportWorker0
-projectPath
C:/Users/Callum/Personal/2D Platformer
-logFile
Logs/AssetImportWorker0.log
-srvPort
56664
Successfully changed project path to: C:/Users/Callum/Personal/2D Platformer
C:/Users/Callum/Personal/2D Platformer
Using Asset Import Pipeline V2.
Refreshing native plugins compatible for Editor in 53.74 ms, found 1 plugins.
Preloading 0 native plugins for Editor in 0.00 ms.
Initialize engine version: 2020.3.8f1 (507919d4fff5)
[Subsystems] Discovering subsystems at path D:/Program Files/2020.3.8f1/Editor/Data/Resources/UnitySubsystems
[Subsystems] Discovering subsystems at path C:/Users/Callum/Personal/2D Platformer/Assets
GfxDevice: creating device client; threaded=0
Direct3D:
    Version:  Direct3D 11.0 [level 11.1]
    Renderer: NVIDIA GeForce GTX 960 (ID=0x1401)
    Vendor:   
    VRAM:     4053 MB
    Driver:   27.21.14.5671
Initialize mono
Mono path[0] = 'D:/Program Files/2020.3.8f1/Editor/Data/Managed'
Mono path[1] = 'D:/Program Files/2020.3.8f1/Editor/Data/MonoBleedingEdge/lib/mono/unityjit'
Mono config path = 'D:/Program Files/2020.3.8f1/Editor/Data/MonoBleedingEdge/etc'
Using monoOptions --debugger-agent=transport=dt_socket,embedding=1,server=y,suspend=n,address=127.0.0.1:56840
Begin MonoManager ReloadAssembly
Registering precompiled unity dll's ...
Register platform support module: D:/Program Files/2020.3.8f1/Editor/Data/PlaybackEngines/WebGLSupport/UnityEditor.WebGL.Extensions.dll
Register platform support module: D:/Program Files/2020.3.8f1/Editor/Data/PlaybackEngines/WindowsStandaloneSupport/UnityEditor.WindowsStandalone.Extensions.dll
Registered in 0.002127 seconds.
Native extension for WindowsStandalone target not found
Native extension for WebGL target not found
Refreshing native plugins compatible for Editor in 55.64 ms, found 1 plugins.
Preloading 0 native plugins for Editor in 0.00 ms.
Mono: successfully reloaded assembly
- Completed reload, in  1.610 seconds
Platform modules already initialized, skipping
Registering precompiled user dll's ...
Registered in 0.001222 seconds.
Begin MonoManager ReloadAssembly
Native extension for WindowsStandalone target not found
Native extension for WebGL target not found
Refreshing native plugins compatible for Editor in 52.29 ms, found 1 plugins.
Preloading 0 native plugins for Editor in 0.00 ms.
Mono: successfully reloaded assembly
- Completed reload, in  1.149 seconds
Platform modules already initialized, skipping
========================================================================
Worker process is ready to serve import requests
Launched and connected shader compiler UnityShaderCompiler.exe after 0.05 seconds
Refreshing native plugins compatible for Editor in 0.52 ms, found 1 plugins.
Preloading 0 native plugins for Editor in 0.00 ms.
Unloading 1976 Unused Serialized files (Serialized files now loaded: 0)
System memory in use before: 92.7 MB.
System memory in use after: 92.6 MB.

Unloading 25 unused Assets to reduce memory usage. Loaded Objects now: 2422.
Total: 2.004400 ms (FindLiveObjects: 0.152700 ms CreateObjectMapping: 0.074200 ms MarkObjects: 1.641400 ms  DeleteObjects: 0.134800 ms)

========================================================================
Received Import Request.
  path: Assets/Scenes/Menu.unity
  artifactKey: Guid(03c2a72f832a0a14ea4e3254014548f1) Importer(815301076,1909f56bfc062723c751e8b465ee728b)
Start importing Assets/Scenes/Menu.unity using Guid(03c2a72f832a0a14ea4e3254014548f1) Importer(815301076,1909f56bfc062723c751e8b465ee728b)  -> (artifact id: 'f1cb40f1d09e6dc1901c502ca7f087d4') in 0.049519 seconds
  Import took 0.052798 seconds .

========================================================================
Received Import Request.
  Time since last request: 74.508025 seconds.
  path: Assets/MenuBG.mp3
  artifactKey: Guid(02a029d986a192e4b9d98e49dfce8806) Importer(815301076,1909f56bfc062723c751e8b465ee728b)
Start importing Assets/MenuBG.mp3 using Guid(02a029d986a192e4b9d98e49dfce8806) Importer(815301076,1909f56bfc062723c751e8b465ee728b)  -> (artifact id: '2bd0646c1ad604c813c8fb84178746c1') in 0.151733 seconds
  Import took 0.154917 seconds .

========================================================================
Received Import Request.
  Time since last request: 16.459230 seconds.
  path: Assets/MainBG.mp3
  artifactKey: Guid(2ceb26169baaacf4986d16129d3fbb5a) Importer(815301076,1909f56bfc062723c751e8b465ee728b)
Start importing Assets/MainBG.mp3 using Guid(2ceb26169baaacf4986d16129d3fbb5a) Importer(815301076,1909f56bfc062723c751e8b465ee728b)  -> (artifact id: '669dac2869de8e468ff5fca775c48550') in 0.012995 seconds
  Import took 0.016243 seconds .

========================================================================
Received Import Request.
  Time since last request: 26.579756 seconds.
  path: Assets/TextMesh Pro
  artifactKey: Guid(f54d1bd14bd3ca042bd867b519fee8cc) Importer(815301076,1909f56bfc062723c751e8b465ee728b)
Start importing Assets/TextMesh Pro using Guid(f54d1bd14bd3ca042bd867b519fee8cc) Importer(815301076,1909f56bfc062723c751e8b465ee728b)  -> (artifact id: '16b4cbde9565bf190136f1148817e1ea') in 0.006545 seconds
  Import took 0.010139 seconds .

========================================================================
Received Import Request.
  Time since last request: 0.000226 seconds.
  path: Assets/TextMesh Pro
  artifactKey: Guid(f54d1bd14bd3ca042bd867b519fee8cc) Importer(815301076,1909f56bfc062723c751e8b465ee728b)
Start importing Assets/TextMesh Pro using Guid(f54d1bd14bd3ca042bd867b519fee8cc) Importer(815301076,1909f56bfc062723c751e8b465ee728b)  -> (artifact id: '16b4cbde9565bf190136f1148817e1ea') in 0.002140 seconds
  Import took 0.004818 seconds .

========================================================================
Received Import Request.
  Time since last request: 2.011874 seconds.
  path: Assets/Scenes/Get Me Out Of Here.unity
  artifactKey: Guid(798973325e6f5d74ba8ff3ee091a8e1d) Importer(815301076,1909f56bfc062723c751e8b465ee728b)
Start importing Assets/Scenes/Get Me Out Of Here.unity using Guid(798973325e6f5d74ba8ff3ee091a8e1d) Importer(815301076,1909f56bfc062723c751e8b465ee728b)  -> (artifact id: '7ab5c5516fb30ed8d6a08a25ef7be2af') in 0.006640 seconds
  Import took 0.009765 seconds .

========================================================================
Received Import Request.
  Time since last request: 34.116124 seconds.
  path: Assets/Scenes/Menu.unity
  artifactKey: Guid(03c2a72f832a0a14ea4e3254014548f1) Importer(815301076,1909f56bfc062723c751e8b465ee728b)
Start importing Assets/Scenes/Menu.unity using Guid(03c2a72f832a0a14ea4e3254014548f1) Importer(815301076,1909f56bfc062723c751e8b465ee728b)  -> (artifact id: '6e52b038f230677a750d68d9e945e68b') in 0.002427 seconds
  Import took 0.005535 seconds .

========================================================================
Received Prepare
Registering precompiled user dll's ...
Registered in 0.001266 seconds.
Begin MonoManager ReloadAssembly
Native extension for WindowsStandalone target not found
Native extension for WebGL target not found
Refreshing native plugins compatible for Editor in 0.53 ms, found 1 plugins.
Preloading 0 native plugins for Editor in 0.00 ms.
Mono: successfully reloaded assembly
- Completed reload, in  1.010 seconds
Platform modules already initialized, skipping
Refreshing native plugins compatible for Editor in 0.53 ms, found 1 plugins.
Preloading 0 native plugins for Editor in 0.00 ms.
Unloading 1956 Unused Serialized files (Serialized files now loaded: 0)
System memory in use before: 94.3 MB.
System memory in use after: 94.3 MB.

Unloading 13 unused Assets to reduce memory usage. Loaded Objects now: 2435.
Total: 1.909900 ms (FindLiveObjects: 0.153100 ms CreateObjectMapping: 0.072400 ms MarkObjects: 1.573500 ms  DeleteObjects: 0.109900 ms)

========================================================================
Received Prepare
Registering precompiled user dll's ...
Registered in 0.001191 seconds.
Begin MonoManager ReloadAssembly
Native extension for WindowsStandalone target not found
Native extension for WebGL target not found
Refreshing native plugins compatible for Editor in 0.68 ms, found 1 plugins.
Preloading 0 native plugins for Editor in 0.00 ms.
Mono: successfully reloaded assembly
- Completed reload, in  1.008 seconds
Platform modules already initialized, skipping
Refreshing native plugins compatible for Editor in 0.54 ms, found 1 plugins.
Preloading 0 native plugins for Editor in 0.00 ms.
Unloading 1956 Unused Serialized files (Serialized files now loaded: 0)
System memory in use before: 94.4 MB.
System memory in use after: 94.4 MB.

Unloading 13 unused Assets to reduce memory usage. Loaded Objects now: 2439.
Total: 1.960400 ms (FindLiveObjects: 0.152100 ms CreateObjectMapping: 0.071900 ms MarkObjects: 1.624400 ms  DeleteObjects: 0.110800 ms)

========================================================================
Received Prepare
Registering precompiled user dll's ...
Registered in 0.001272 seconds.
Begin MonoManager ReloadAssembly
Native extension for WindowsStandalone target not found
Native extension for WebGL target not found
Refreshing native plugins compatible for Editor in 0.55 ms, found 1 plugins.
Preloading 0 native plugins for Editor in 0.00 ms.
Mono: successfully reloaded assembly
- Completed reload, in  1.036 seconds
Platform modules already initialized, skipping
Refreshing native plugins compatible for Editor in 0.55 ms, found 1 plugins.
Preloading 0 native plugins for Editor in 0.00 ms.
Unloading 1956 Unused Serialized files (Serialized files now loaded: 0)
System memory in use before: 94.4 MB.
System memory in use after: 94.4 MB.

Unloading 13 unused Assets to reduce memory usage. Loaded Objects now: 2443.
Total: 1.961400 ms (FindLiveObjects: 0.174600 ms CreateObjectMapping: 0.072800 ms MarkObjects: 1.604800 ms  DeleteObjects: 0.107800 ms)

========================================================================
Received Import Request.
  Time since last request: 584.766722 seconds.
  path: Assets/Other/MainBG 1.mp3
  artifactKey: Guid(743e29b0e4de24a4cb84412c2957c274) Importer(815301076,1909f56bfc062723c751e8b465ee728b)
Start importing Assets/Other/MainBG 1.mp3 using Guid(743e29b0e4de24a4cb84412c2957c274) Importer(815301076,1909f56bfc062723c751e8b465ee728b)  -> (artifact id: '87e31981aef8a173af9cfb4cd3dadd53') in 0.055228 seconds
  Import took 0.058992 seconds .

========================================================================
Received Import Request.
  Time since last request: 0.000198 seconds.
  path: Assets/Other/MenuBG 1.mp3
  artifactKey: Guid(e4c787b14c63e3748944303feacb8f78) Importer(815301076,1909f56bfc062723c751e8b465ee728b)
Start importing Assets/Other/MenuBG 1.mp3 using Guid(e4c787b14c63e3748944303feacb8f78) Importer(815301076,1909f56bfc062723c751e8b465ee728b)  -> (artifact id: '7b264ee6b1105cadf1b8ad1590b635f5') in 0.013249 seconds
  Import took 0.016189 seconds .

========================================================================
Received Import Request.
  Time since last request: 41.712530 seconds.
  path: Assets/Other/MainBG.mp3
  artifactKey: Guid(2ceb26169baaacf4986d16129d3fbb5a) Importer(815301076,1909f56bfc062723c751e8b465ee728b)
Start importing Assets/Other/MainBG.mp3 using Guid(2ceb26169baaacf4986d16129d3fbb5a) Importer(815301076,1909f56bfc062723c751e8b465ee728b)  -> (artifact id: 'edb9baa909395ea6029536e033c5b608') in 0.010788 seconds
  Import took 0.013938 seconds .

========================================================================
Received Import Request.
  Time since last request: 0.000184 seconds.
  path: Assets/Other/MenuBG.mp3
  artifactKey: Guid(02a029d986a192e4b9d98e49dfce8806) Importer(815301076,1909f56bfc062723c751e8b465ee728b)
Start importing Assets/Other/MenuBG.mp3 using Guid(02a029d986a192e4b9d98e49dfce8806) Importer(815301076,1909f56bfc062723c751e8b465ee728b)  -> (artifact id: 'd54bde7e0de226904f4356208edf299d') in 0.012685 seconds
  Import took 0.015836 seconds .

========================================================================
Received Import Request.
  Time since last request: 0.000192 seconds.
  path: Assets/Other/MainBG.mp3
  artifactKey: Guid(2ceb26169baaacf4986d16129d3fbb5a) Importer(815301076,1909f56bfc062723c751e8b465ee728b)
Start importing Assets/Other/MainBG.mp3 using Guid(2ceb26169baaacf4986d16129d3fbb5a) Importer(815301076,1909f56bfc062723c751e8b465ee728b)  -> (artifact id: 'edb9baa909395ea6029536e033c5b608') in 0.014337 seconds
  Import took 0.017539 seconds .

========================================================================
Received Import Request.
  Time since last request: 0.000187 seconds.
  path: Assets/Other/MenuBG.mp3
  artifactKey: Guid(02a029d986a192e4b9d98e49dfce8806) Importer(815301076,1909f56bfc062723c751e8b465ee728b)
Start importing Assets/Other/MenuBG.mp3 using Guid(02a029d986a192e4b9d98e49dfce8806) Importer(815301076,1909f56bfc062723c751e8b465ee728b)  -> (artifact id: 'd54bde7e0de226904f4356208edf299d') in 0.012885 seconds
  Import took 0.015711 seconds .

========================================================================
Received Import Request.
  Time since last request: 13.635922 seconds.
  path: Assets/Scenes/Get Me Out Of Here.unity
  artifactKey: Guid(798973325e6f5d74ba8ff3ee091a8e1d) Importer(815301076,1909f56bfc062723c751e8b465ee728b)
Start importing Assets/Scenes/Get Me Out Of Here.unity using Guid(798973325e6f5d74ba8ff3ee091a8e1d) Importer(815301076,1909f56bfc062723c751e8b465ee728b)  -> (artifact id: 'fa7b644e4d33464d9f8a2035feab8adf') in 0.002531 seconds
  Import took 0.005592 seconds .

========================================================================
Received Prepare
Registering precompiled user dll's ...
Registered in 0.001229 seconds.
Begin MonoManager ReloadAssembly
Native extension for WindowsStandalone target not found
Native extension for WebGL target not found
Refreshing native plugins compatible for Editor in 0.54 ms, found 1 plugins.
Preloading 0 native plugins for Editor in 0.00 ms.
Mono: successfully reloaded assembly
- Completed reload, in  1.022 seconds
Platform modules already initialized, skipping
Refreshing native plugins compatible for Editor in 0.53 ms, found 1 plugins.
Preloading 0 native plugins for Editor in 0.00 ms.
Unloading 1956 Unused Serialized files (Serialized files now loaded: 0)
System memory in use before: 94.4 MB.
System memory in use after: 94.4 MB.

Unloading 13 unused Assets to reduce memory usage. Loaded Objects now: 2448.
Total: 2.047300 ms (FindLiveObjects: 0.154200 ms CreateObjectMapping: 0.071600 ms MarkObjects: 1.671800 ms  DeleteObjects: 0.147800 ms)

========================================================================
Received Prepare
Registering precompiled user dll's ...
Registered in 0.001223 seconds.
Begin MonoManager ReloadAssembly
Native extension for WindowsStandalone target not found
Native extension for WebGL target not found
Refreshing native plugins compatible for Editor in 0.53 ms, found 1 plugins.
Preloading 0 native plugins for Editor in 0.00 ms.
Mono: successfully reloaded assembly
- Completed reload, in  0.992 seconds
Platform modules already initialized, skipping
Refreshing native plugins compatible for Editor in 0.54 ms, found 1 plugins.
Preloading 0 native plugins for Editor in 0.00 ms.
Unloading 1956 Unused Serialized files (Serialized files now loaded: 0)
System memory in use before: 94.4 MB.
System memory in use after: 94.4 MB.

Unloading 13 unused Assets to reduce memory usage. Loaded Objects now: 2452.
Total: 1.945100 ms (FindLiveObjects: 0.160300 ms CreateObjectMapping: 0.070800 ms MarkObjects: 1.599100 ms  DeleteObjects: 0.113800 ms)

========================================================================
Received Prepare
Refreshing native plugins compatible for Editor in 2.21 ms, found 1 plugins.
Preloading 0 native plugins for Editor in 0.00 ms.
Unloading 10 Unused Serialized files (Serialized files now loaded: 0)
System memory in use before: 55.9 MB.
System memory in use after: 55.9 MB.

Unloading 10 unused Assets to reduce memory usage. Loaded Objects now: 2452.
Total: 1.935500 ms (FindLiveObjects: 0.168100 ms CreateObjectMapping: 0.069900 ms MarkObjects: 1.588300 ms  DeleteObjects: 0.108200 ms)

========================================================================
Received Prepare
Registering precompiled user dll's ...
Registered in 0.001246 seconds.
Begin MonoManager ReloadAssembly
Native extension for WindowsStandalone target not found
Native extension for WebGL target not found
Refreshing native plugins compatible for Editor in 0.53 ms, found 1 plugins.
Preloading 0 native plugins for Editor in 0.00 ms.
Mono: successfully reloaded assembly
- Completed reload, in  1.007 seconds
Platform modules already initialized, skipping
Refreshing native plugins compatible for Editor in 0.48 ms, found 1 plugins.
Preloading 0 native plugins for Editor in 0.00 ms.
Unloading 1956 Unused Serialized files (Serialized files now loaded: 0)
System memory in use before: 94.5 MB.
System memory in use after: 94.4 MB.

Unloading 13 unused Assets to reduce memory usage. Loaded Objects now: 2456.
Total: 1.951400 ms (FindLiveObjects: 0.156500 ms CreateObjectMapping: 0.070100 ms MarkObjects: 1.608000 ms  DeleteObjects: 0.115500 ms)

========================================================================
Received Prepare
Registering precompiled user dll's ...
Registered in 0.001267 seconds.
Begin MonoManager ReloadAssembly
Native extension for WindowsStandalone target not found
Native extension for WebGL target not found
Refreshing native plugins compatible for Editor in 0.93 ms, found 1 plugins.
Preloading 0 native plugins for Editor in 0.00 ms.
Mono: successfully reloaded assembly
- Completed reload, in  2.119 seconds
Platform modules already initialized, skipping
Refreshing native plugins compatible for Editor in 0.53 ms, found 1 plugins.
Preloading 0 native plugins for Editor in 0.00 ms.
Unloading 1956 Unused Serialized files (Serialized files now loaded: 0)
System memory in use before: 94.5 MB.
System memory in use after: 94.4 MB.

Unloading 13 unused Assets to reduce memory usage. Loaded Objects now: 2460.
Total: 2.065700 ms (FindLiveObjects: 0.157300 ms CreateObjectMapping: 0.071800 ms MarkObjects: 1.712200 ms  DeleteObjects: 0.122800 ms)

========================================================================
Received Prepare
Refreshing native plugins compatible for Editor in 2.20 ms, found 1 plugins.
Preloading 0 native plugins for Editor in 0.00 ms.
Unloading 10 Unused Serialized files (Serialized files now loaded: 0)
System memory in use before: 55.9 MB.
System memory in use after: 55.9 MB.

Unloading 10 unused Assets to reduce memory usage. Loaded Objects now: 2460.
Total: 1.993000 ms (FindLiveObjects: 0.160900 ms CreateObjectMapping: 0.070700 ms MarkObjects: 1.648900 ms  DeleteObjects: 0.111300 ms)

AssetImportWorkerClient::OnTransportError - code=2 error=End of file
